<?xml version="1.0" encoding="UTF-8"?>
<testng-results skipped="0" failed="0" total="1" passed="1">
  <reporter-output>
  </reporter-output>
  <suite name="Command line suite" duration-ms="107" started-at="2014-07-03T09:31:25Z" finished-at="2014-07-03T09:31:25Z">
    <groups>
    </groups>
    <test name="Command line test" duration-ms="107" started-at="2014-07-03T09:31:25Z" finished-at="2014-07-03T09:31:25Z">
      <class name="com.intellisqa.app.AppTest">
        <test-method status="PASS" signature="testApp()[pri:0, instance:testApp(com.intellisqa.app.AppTest)]" name="testApp" duration-ms="2" started-at="2014-07-03T15:01:25Z" finished-at="2014-07-03T15:01:25Z">
          <reporter-output>
          </reporter-output>
        </test-method> <!-- testApp -->
      </class> <!-- com.intellisqa.app.AppTest -->
    </test> <!-- Command line test -->
  </suite> <!-- Command line suite -->
</testng-results>
